<?xml version="1.0" encoding="UTF-8"?>
<!-- Generated by org.testng.reporters.JUnitXMLReporter -->
<testsuite hostname="NastiaPC" name="Default test" tests="11" failures="0" timestamp="28 Jan 2015 11:24:00 GMT" time="41.459" errors="0">
  <testcase name="AddGrop" time="11.606" classname="com.example.tests.GroupCreation"/>
  <testcase name="AddGrop" time="2.656" classname="com.example.tests.GroupCreation"/>
  <testcase name="AddGrop" time="2.981" classname="com.example.tests.GroupCreation"/>
  <testcase name="AddGrop" time="2.716" classname="com.example.tests.GroupCreation"/>
  <testcase name="AddGrop" time="2.745" classname="com.example.tests.GroupCreation"/>
  <testcase name="AddGrop" time="2.85" classname="com.example.tests.GroupCreation"/>
  <testcase name="AddGrop" time="3.237" classname="com.example.tests.GroupCreation"/>
  <testcase name="AddGrop" time="2.808" classname="com.example.tests.GroupCreation"/>
  <testcase name="AddGrop" time="3.123" classname="com.example.tests.GroupCreation"/>
  <testcase name="AddGrop" time="3.06" classname="com.example.tests.GroupCreation"/>
  <testcase name="AddGrop" time="3.294" classname="com.example.tests.GroupCreation"/>
</testsuite> <!-- Default test -->
